<?xml version="1.0" encoding="UTF-8"?>
<!-- Generated by org.testng.reporters.JUnitReportReporter -->
<testsuite skipped="0" hostname="DESKTOP-1RO7FF0" name="qaclickacademy.AppiumTest" tests="2" failures="0" timestamp="2020-11-14T15:59:45 IST" time="0.002" errors="0">
  <testcase name="iosapps" time="0.001" classname="qaclickacademy.AppiumTest"/>
  <system-out/>
  <testcase name="androidapps" time="0.001" classname="qaclickacademy.AppiumTest"/>
  <system-out/>
</testsuite> <!-- qaclickacademy.AppiumTest -->
