<?xml version="1.0" encoding="UTF-8"?>
<!-- Generated by org.testng.reporters.JUnitReportReporter -->
<testsuite skipped="0" hostname="DESKTOP-1RO7FF0" name="qaclickacademy.SeleniumTest" tests="2" failures="0" timestamp="2020-11-14T15:59:45 IST" time="0.012" errors="0">
  <testcase name="elementsui" time="0.001" classname="qaclickacademy.SeleniumTest"/>
  <system-out/>
  <testcase name="browserautomation" time="0.011" classname="qaclickacademy.SeleniumTest"/>
  <system-out/>
</testsuite> <!-- qaclickacademy.SeleniumTest -->
